0 info it worked if it ends with ok
1 verbose cli [ '/usr/local/bin/node', '/usr/local/bin/npm', 'start' ]
2 info using npm@2.15.1
3 info using node@v0.10.48
4 verbose run-script [ 'prestart', 'start', 'poststart' ]
5 info prestart balrog-ui@0.0.1
6 info start balrog-ui@0.0.1
7 verbose unsafe-perm in lifecycle true
8 info balrog-ui@0.0.1 Failed to exec start script
9 verbose stack Error: balrog-ui@0.0.1 start: `lineman run`
9 verbose stack Exit status 3
9 verbose stack     at EventEmitter.<anonymous> (/usr/local/lib/node_modules/npm/lib/utils/lifecycle.js:217:16)
9 verbose stack     at EventEmitter.emit (events.js:98:17)
9 verbose stack     at ChildProcess.<anonymous> (/usr/local/lib/node_modules/npm/lib/utils/spawn.js:24:14)
9 verbose stack     at ChildProcess.emit (events.js:98:17)
9 verbose stack     at maybeClose (child_process.js:766:16)
9 verbose stack     at Process.ChildProcess._handle.onexit (child_process.js:833:5)
10 verbose pkgid balrog-ui@0.0.1
11 verbose cwd /app
12 error Linux 4.9.49-moby
13 error argv "/usr/local/bin/node" "/usr/local/bin/npm" "start"
14 error node v0.10.48
15 error npm  v2.15.1
16 error code ELIFECYCLE
17 error balrog-ui@0.0.1 start: `lineman run`
17 error Exit status 3
18 error Failed at the balrog-ui@0.0.1 start script 'lineman run'.
18 error This is most likely a problem with the balrog-ui package,
18 error not with npm itself.
18 error Tell the author that this fails on your system:
18 error     lineman run
18 error You can get information on how to open an issue for this project with:
18 error     npm bugs balrog-ui
18 error Or if that isn't available, you can get their info via:
18 error
18 error     npm owner ls balrog-ui
18 error There is likely additional logging output above.
19 verbose exit [ 1, true ]
